<?xml version="1.0" encoding="UTF-8"?>
<testsuite xmlns:xsi="http://www.w3.org/2001/XMLSchema-instance" xsi:noNamespaceSchemaLocation="https://maven.apache.org/surefire/maven-surefire-plugin/xsd/surefire-test-report-3.0.xsd" version="3.0" name="org.insa.graphes.model.PathTest" time="0.058" tests="12" errors="0" skipped="0" failures="0">
  <properties>
[...]
</properties>
  <testcase name="testGetTravelTime" classname="org.insa.graphes.model.PathTest" time="0.002"/>
  <testcase name="testCreateShortestPathFromNodesException" classname="org.insa.graphes.model.PathTest" time="0.0"/>
  <testcase name="testSize" classname="org.insa.graphes.model.PathTest" time="0.0"/>
  <testcase name="testCreateFastestPathFromNodesException" classname="org.insa.graphes.model.PathTest" time="0.0"/>
  <testcase name="testCreateFastestPathFromNodes" classname="org.insa.graphes.model.PathTest" time="0.0"/>
  <testcase name="testGetMinimumTravelTime" classname="org.insa.graphes.model.PathTest" time="0.0"/>
  <testcase name="testGetLength" classname="org.insa.graphes.model.PathTest" time="0.0"/>
  <testcase name="testImmutability" classname="org.insa.graphes.model.PathTest" time="0.0"/>
  <testcase name="testCreateShortestPathFromNodes" classname="org.insa.graphes.model.PathTest" time="0.001"/>
  <testcase name="testIsEmpty" classname="org.insa.graphes.model.PathTest" time="0.0"/>
  <testcase name="testIsValid" classname="org.insa.graphes.model.PathTest" time="0.0"/>
  <testcase name="testConstructor" classname="org.insa.graphes.model.PathTest" time="0.0"/>
</testsuite>